2026/06/21 03:35:18 [notice] 1#1: using the "epoll" event method
2026/06/21 03:35:18 [notice] 1#1: nginx/1.31.2
2026/06/21 03:35:18 [notice] 1#1: built by gcc 15.2.0 (Alpine 15.2.0) 
2026/06/21 03:35:18 [notice] 1#1: OS: Linux 6.18.33.1-microsoft-standard-WSL2
2026/06/21 03:35:18 [notice] 1#1: getrlimit(RLIMIT_NOFILE): 1024:1048576
2026/06/21 03:35:18 [notice] 1#1: start worker processes
2026/06/21 03:35:18 [notice] 1#1: start worker process 29
2026/06/21 03:35:18 [notice] 1#1: start worker process 30
2026/06/21 03:35:18 [notice] 1#1: start worker process 31
2026/06/21 03:35:18 [notice] 1#1: start worker process 32
2026/06/21 03:35:18 [notice] 1#1: start worker process 33
2026/06/21 03:35:18 [notice] 1#1: start worker process 34
2026/06/21 03:35:18 [notice] 1#1: start worker process 35
2026/06/21 03:35:18 [notice] 1#1: start worker process 36
2026/06/21 03:46:42 [notice] 1#1: signal 3 (SIGQUIT) received, shutting down
2026/06/21 03:46:42 [notice] 29#29: gracefully shutting down
2026/06/21 03:46:42 [notice] 30#30: gracefully shutting down
2026/06/21 03:46:42 [notice] 31#31: gracefully shutting down
2026/06/21 03:46:42 [notice] 33#33: gracefully shutting down
2026/06/21 03:46:42 [notice] 32#32: gracefully shutting down
2026/06/21 03:46:42 [notice] 35#35: gracefully shutting down
2026/06/21 03:46:42 [notice] 34#34: gracefully shutting down
2026/06/21 03:46:42 [notice] 29#29: exiting
2026/06/21 03:46:42 [notice] 31#31: exiting
2026/06/21 03:46:42 [notice] 36#36: gracefully shutting down
2026/06/21 03:46:42 [notice] 32#32: exiting
2026/06/21 03:46:42 [notice] 34#34: exiting
2026/06/21 03:46:42 [notice] 30#30: exiting
2026/06/21 03:46:42 [notice] 31#31: exit
2026/06/21 03:46:42 [notice] 32#32: exit
2026/06/21 03:46:42 [notice] 34#34: exit
2026/06/21 03:46:42 [notice] 29#29: exit
2026/06/21 03:46:42 [notice] 30#30: exit
2026/06/21 03:46:42 [notice] 36#36: exiting
2026/06/21 03:46:42 [notice] 35#35: exiting
2026/06/21 03:46:42 [notice] 36#36: exit
2026/06/21 03:46:42 [notice] 35#35: exit
2026/06/21 03:46:42 [notice] 33#33: exiting
2026/06/21 03:46:42 [notice] 33#33: exit
2026/06/21 03:46:43 [notice] 1#1: signal 17 (SIGCHLD) received from 34
2026/06/21 03:46:43 [notice] 1#1: worker process 29 exited with code 0
2026/06/21 03:46:43 [notice] 1#1: worker process 33 exited with code 0
2026/06/21 03:46:43 [notice] 1#1: worker process 34 exited with code 0
2026/06/21 03:46:43 [notice] 1#1: worker process 35 exited with code 0
2026/06/21 03:46:43 [notice] 1#1: signal 29 (SIGIO) received
2026/06/21 03:46:43 [notice] 1#1: signal 17 (SIGCHLD) received from 36
2026/06/21 03:46:43 [notice] 1#1: worker process 36 exited with code 0
2026/06/21 03:46:43 [notice] 1#1: signal 29 (SIGIO) received
2026/06/21 03:46:43 [notice] 1#1: signal 17 (SIGCHLD) received from 30
2026/06/21 03:46:43 [notice] 1#1: worker process 30 exited with code 0
2026/06/21 03:46:43 [notice] 1#1: signal 29 (SIGIO) received
2026/06/21 03:46:43 [notice] 1#1: signal 17 (SIGCHLD) received from 31
2026/06/21 03:46:43 [notice] 1#1: worker process 31 exited with code 0
2026/06/21 03:46:43 [notice] 1#1: signal 29 (SIGIO) received
2026/06/21 03:46:43 [notice] 1#1: signal 17 (SIGCHLD) received from 32
2026/06/21 03:46:43 [notice] 1#1: worker process 32 exited with code 0
2026/06/21 03:46:43 [notice] 1#1: exit
2026/06/21 18:09:29 [notice] 1#1: using the "epoll" event method
2026/06/21 18:09:29 [notice] 1#1: nginx/1.31.2
2026/06/21 18:09:29 [notice] 1#1: built by gcc 15.2.0 (Alpine 15.2.0) 
2026/06/21 18:09:29 [notice] 1#1: OS: Linux 6.18.33.1-microsoft-standard-WSL2
2026/06/21 18:09:29 [notice] 1#1: getrlimit(RLIMIT_NOFILE): 1024:1048576
2026/06/21 18:09:29 [notice] 1#1: start worker processes
2026/06/21 18:09:29 [notice] 1#1: start worker process 29
2026/06/21 18:09:29 [notice] 1#1: start worker process 30
2026/06/21 18:09:29 [notice] 1#1: start worker process 31
2026/06/21 18:09:29 [notice] 1#1: start worker process 32
2026/06/21 18:09:29 [notice] 1#1: start worker process 33
2026/06/21 18:09:29 [notice] 1#1: start worker process 34
2026/06/21 18:09:29 [notice] 1#1: start worker process 35
2026/06/21 18:09:29 [notice] 1#1: start worker process 36
